<?xml version="1.0" encoding="UTF-8"?>
<!-- Generated by org.testng.reporters.JUnitReportReporter -->
<testsuite hostname="LAPTOP-S1I1D7FK" failures="0" tests="3" name="com.example.automation.testNG.demo03_dataProvider" time="0.019" errors="0" timestamp="2020-10-26T13:59:20 IST" skipped="0">
  <testcase classname="com.example.automation.testNG.demo03_dataProvider" name="f" time="0.003"/>
  <system-out/>
  <testcase classname="com.example.automation.testNG.demo03_dataProvider" name="f" time="0.013"/>
  <system-out/>
  <testcase classname="com.example.automation.testNG.demo03_dataProvider" name="f" time="0.003"/>
  <system-out/>
</testsuite> <!-- com.example.automation.testNG.demo03_dataProvider -->
