<?xml version="1.0" encoding="UTF-8"?>
<!-- Generated by org.testng.reporters.JUnitReportReporter -->
<testsuite hostname="LAPTOP-S1I1D7FK" failures="0" tests="5" name="com.example.automation.testNG.testNg_priority_enabled" time="0.009" errors="0" timestamp="2020-10-26T15:50:04 IST" skipped="2">
  <testcase classname="com.example.automation.testNG.testNg_priority_enabled" name="test3" time="0.007"/>
  <system-out/>
  <testcase classname="com.example.automation.testNG.testNg_priority_enabled" name="test4" time="0.001"/>
  <system-out/>
  <testcase classname="com.example.automation.testNG.testNg_priority_enabled" name="test5" time="0.001"/>
  <system-out/>
  <testcase classname="com.example.automation.testNG.testNg_priority_enabled" name="test2">
    <skipped/>
  </testcase> <!-- test2 -->
  <system-out/>
  <testcase classname="com.example.automation.testNG.testNg_priority_enabled" name="test1">
    <skipped/>
  </testcase> <!-- test1 -->
  <system-out/>
</testsuite> <!-- com.example.automation.testNG.testNg_priority_enabled -->
