<?xml version="1.0" encoding="UTF-8"?>
<!-- Generated by org.testng.reporters.JUnitReportReporter -->
<testsuite hostname="LAPTOP-S1I1D7FK" failures="0" tests="3" name="com.example.automation.testNG.testNg_dependsOnMethods" time="0.010" errors="0" timestamp="2020-10-26T15:39:25 IST" skipped="0">
  <testcase classname="com.example.automation.testNG.testNg_dependsOnMethods" name="dashboard" time="0.001"/>
  <system-out/>
  <testcase classname="com.example.automation.testNG.testNg_dependsOnMethods" name="login" time="0.008"/>
  <system-out/>
  <testcase classname="com.example.automation.testNG.testNg_dependsOnMethods" name="logout" time="0.001"/>
  <system-out/>
</testsuite> <!-- com.example.automation.testNG.testNg_dependsOnMethods -->
