<?xml version="1.0" encoding="UTF-8"?>
<!-- Generated by org.testng.reporters.JUnitReportReporter -->
<testsuite hostname="LAPTOP-S1I1D7FK" failures="0" tests="2" name="com.example.automation.testNG.testNg_groups" time="0.019" errors="0" timestamp="2020-10-26T16:21:08 IST" skipped="0">
  <testcase classname="com.example.automation.testNG.testNg_groups" name="test1" time="0.017"/>
  <system-out/>
  <testcase classname="com.example.automation.testNG.testNg_groups" name="test5" time="0.002"/>
  <system-out/>
</testsuite> <!-- com.example.automation.testNG.testNg_groups -->
