<?xml version="1.0" encoding="UTF-8"?>
<!-- Generated by org.testng.reporters.JUnitReportReporter -->
<testsuite hostname="LAPTOP-S1I1D7FK" failures="0" tests="1" name="com.example.automation.testNG.demo02_parameter_optional" time="0.010" errors="0" timestamp="2020-10-26T13:37:09 IST" skipped="0">
  <testcase classname="com.example.automation.testNG.demo02_parameter_optional" name="f" time="0.010"/>
  <system-out/>
</testsuite> <!-- com.example.automation.testNG.demo02_parameter_optional -->
