<?xml version="1.0" encoding="UTF-8"?>
<!-- Generated by org.testng.reporters.JUnitReportReporter -->
<testsuite hostname="LAPTOP-S1I1D7FK" failures="0" tests="2" name="com.example.automation.testNG.demo01" time="0.019" errors="0" timestamp="2020-10-26T13:10:07 IST" skipped="0">
  <testcase classname="com.example.automation.testNG.demo01" name="test2" time="0.006"/>
  <system-out/>
  <testcase classname="com.example.automation.testNG.demo01" name="test1" time="0.013"/>
  <system-out/>
</testsuite> <!-- com.example.automation.testNG.demo01 -->
