<?xml version="1.0" encoding="UTF-8"?>
<!-- Generated by org.testng.reporters.JUnitReportReporter -->
<testsuite hostname="LAPTOP-S1I1D7FK" failures="0" tests="4" name="com.example.automation.testNG.signin_testNg_attributes" time="7.777" errors="0" timestamp="2020-10-31T19:35:05 IST" skipped="2">
  <testcase classname="com.example.automation.testNG.signin_testNg_attributes" name="dashboard" time="0.157"/>
  <system-out/>
  <testcase classname="com.example.automation.testNG.signin_testNg_attributes" name="login" time="7.620"/>
  <system-out>
entering username entering password logging in  </system-out>
  <testcase classname="com.example.automation.testNG.signin_testNg_attributes" name="logout">
    <skipped/>
  </testcase> <!-- logout -->
  <system-out/>
  <testcase classname="com.example.automation.testNG.signin_testNg_attributes" name="orderHistory">
    <skipped/>
  </testcase> <!-- orderHistory -->
  <system-out/>
</testsuite> <!-- com.example.automation.testNG.signin_testNg_attributes -->
